[01m[K/home/trash/trash_parent_repo/catkin_ws/src/robot_setup_tf/src/tf_broadcaster.cpp:[m[K In function â€˜[01m[Kint main(int, char**)[m[Kâ€™:
[01m[K/home/trash/trash_parent_repo/catkin_ws/src/robot_setup_tf/src/tf_broadcaster.cpp:6:3:[m[K [01;31m[Kerror: [m[Kâ€˜[01m[KNodehandle[m[Kâ€™ is not a member of â€˜[01m[Kros[m[Kâ€™
   ros::Nodehandle n;
[01;32m[K   ^[m[K
[01m[K/home/trash/trash_parent_repo/catkin_ws/src/robot_setup_tf/src/tf_broadcaster.cpp:12:9:[m[K [01;31m[Kerror: [m[Kâ€˜[01m[Kn[m[Kâ€™ was not declared in this scope
   while(n.ok()) {
[01;32m[K         ^[m[K
[01m[K/home/trash/trash_parent_repo/catkin_ws/src/robot_setup_tf/src/tf_broadcaster.cpp:14:27:[m[K [01;31m[Kerror: [m[Kexpected primary-expression before â€˜[01m[K,[m[Kâ€™ token
       tf::StampedTransform,(
[01;32m[K                           ^[m[K
make[2]: *** [CMakeFiles/tf_broadcaster.dir/src/tf_broadcaster.cpp.o] Error 1
make[1]: *** [CMakeFiles/tf_broadcaster.dir/all] Error 2
make[1]: *** Waiting for unfinished jobs....
[01m[K/home/trash/trash_parent_repo/catkin_ws/src/robot_setup_tf/src/tf_listener.cpp:[m[K In function â€˜[01m[Kvoid transformPoint(const tf::TransformListener&)[m[Kâ€™:
[01m[K/home/trash/trash_parent_repo/catkin_ws/src/robot_setup_tf/src/tf_listener.cpp:7:3:[m[K [01;31m[Kerror: [m[Kâ€˜[01m[KPointStamed[m[Kâ€™ is not a member of â€˜[01m[Kgeometry_msgs[m[Kâ€™
   geometry_msgs::PointStamed laser_point;
[01;32m[K   ^[m[K
[01m[K/home/trash/trash_parent_repo/catkin_ws/src/robot_setup_tf/src/tf_listener.cpp:8:3:[m[K [01;31m[Kerror: [m[Kâ€˜[01m[Klaser_point[m[Kâ€™ was not declared in this scope
   laser_point.header.frame_id = "base_laser";
[01;32m[K   ^[m[K
In file included from [01m[K/opt/ros/kinetic/include/ros/ros.h:40:0[m[K,
                 from [01m[K/home/trash/trash_parent_repo/catkin_ws/src/robot_setup_tf/src/tf_listener.cpp:1[m[K:
[01m[K/home/trash/trash_parent_repo/catkin_ws/src/robot_setup_tf/src/tf_listener.cpp:22:9:[m[K [01;31m[Kerror: [m[Kâ€˜[01m[Kbase_point[m[Kâ€™ was not declared in this scope
         base_point.point.x, base_point.point.y, base_point.point.z, base_point.header.stamp.toSec()
[01;32m[K         ^[m[K
[01m[K/opt/ros/kinetic/include/ros/console.h:346:165:[m[K [01;36m[Knote: [m[Kin definition of macro â€˜[01m[KROSCONSOLE_PRINT_AT_LOCATION_WITH_FILTER[m[Kâ€™
     ::ros::console::print(filter, __rosconsole_define_location__loc.logger_, __rosconsole_define_location__loc.level_, __FILE__, __LINE__, __ROSCONSOLE_FUNCTION__, __VA_ARGS__)
[01;32m[K                                                                                                                                                                     ^[m[K
[01m[K/opt/ros/kinetic/include/ros/console.h:379:7:[m[K [01;36m[Knote: [m[Kin expansion of macro â€˜[01m[KROSCONSOLE_PRINT_AT_LOCATION[m[Kâ€™
       ROSCONSOLE_PRINT_AT_LOCATION(__VA_ARGS__); \
[01;32m[K       ^[m[K
[01m[K/opt/ros/kinetic/include/ros/console.h:561:35:[m[K [01;36m[Knote: [m[Kin expansion of macro â€˜[01m[KROS_LOG_COND[m[Kâ€™
 #define ROS_LOG(level, name, ...) ROS_LOG_COND(true, level, name, __VA_ARGS__)
[01;32m[K                                   ^[m[K
[01m[K/opt/ros/kinetic/include/rosconsole/macros_generated.h:110:23:[m[K [01;36m[Knote: [m[Kin expansion of macro â€˜[01m[KROS_LOG[m[Kâ€™
 #define ROS_INFO(...) ROS_LOG(::ros::console::levels::Info, ROSCONSOLE_DEFAULT_NAME, __VA_ARGS__)
[01;32m[K                       ^[m[K
[01m[K/home/trash/trash_parent_repo/catkin_ws/src/robot_setup_tf/src/tf_listener.cpp:20:5:[m[K [01;36m[Knote: [m[Kin expansion of macro â€˜[01m[KROS_INFO[m[Kâ€™
     ROS_INFO("base_laser: (%.2f, %.2f, %.2f) ----> base_link: (%.2f, %.2f, %.2f) at time %.2f",
[01;32m[K     ^[m[K
[01m[K/home/trash/trash_parent_repo/catkin_ws/src/robot_setup_tf/src/tf_listener.cpp:24:16:[m[K [01;31m[Kerror: [m[Kâ€˜[01m[KTransformExeption[m[Kâ€™ in namespace â€˜[01m[Ktf[m[Kâ€™ does not name a type
   } catch (tf::TransformExeption& ex) {
[01;32m[K                ^[m[K
In file included from [01m[K/opt/ros/kinetic/include/ros/ros.h:40:0[m[K,
                 from [01m[K/home/trash/trash_parent_repo/catkin_ws/src/robot_setup_tf/src/tf_listener.cpp:1[m[K:
[01m[K/home/trash/trash_parent_repo/catkin_ws/src/robot_setup_tf/src/tf_listener.cpp:25:109:[m[K [01;31m[Kerror: [m[Kâ€˜[01m[Kex[m[Kâ€™ was not declared in this scope
     ROS_ERROR("Received an exception trying to transform a point from \"base_laser\" to \"base_link\": %s", ex.what());
[01;32m[K                                                                                                             ^[m[K
[01m[K/opt/ros/kinetic/include/ros/console.h:346:165:[m[K [01;36m[Knote: [m[Kin definition of macro â€˜[01m[KROSCONSOLE_PRINT_AT_LOCATION_WITH_FILTER[m[Kâ€™
     ::ros::console::print(filter, __rosconsole_define_location__loc.logger_, __rosconsole_define_location__loc.level_, __FILE__, __LINE__, __ROSCONSOLE_FUNCTION__, __VA_ARGS__)
[01;32m[K                                                                                                                                                                     ^[m[K
[01m[K/opt/ros/kinetic/include/ros/console.h:379:7:[m[K [01;36m[Knote: [m[Kin expansion of macro â€˜[01m[KROSCONSOLE_PRINT_AT_LOCATION[m[Kâ€™
       ROSCONSOLE_PRINT_AT_LOCATION(__VA_ARGS__); \
[01;32m[K       ^[m[K
[01m[K/opt/ros/kinetic/include/ros/console.h:561:35:[m[K [01;36m[Knote: [m[Kin expansion of macro â€˜[01m[KROS_LOG_COND[m[Kâ€™
 #define ROS_LOG(level, name, ...) ROS_LOG_COND(true, level, name, __VA_ARGS__)
[01;32m[K                                   ^[m[K
[01m[K/opt/ros/kinetic/include/rosconsole/macros_generated.h:214:24:[m[K [01;36m[Knote: [m[Kin expansion of macro â€˜[01m[KROS_LOG[m[Kâ€™
 #define ROS_ERROR(...) ROS_LOG(::ros::console::levels::Error, ROSCONSOLE_DEFAULT_NAME, __VA_ARGS__)
[01;32m[K                        ^[m[K
[01m[K/home/trash/trash_parent_repo/catkin_ws/src/robot_setup_tf/src/tf_listener.cpp:25:5:[m[K [01;36m[Knote: [m[Kin expansion of macro â€˜[01m[KROS_ERROR[m[Kâ€™
     ROS_ERROR("Received an exception trying to transform a point from \"base_laser\" to \"base_link\": %s", ex.what());
[01;32m[K     ^[m[K
[01m[K/home/trash/trash_parent_repo/catkin_ws/src/robot_setup_tf/src/tf_listener.cpp:[m[K In function â€˜[01m[Kint main(int, char**)[m[Kâ€™:
[01m[K/home/trash/trash_parent_repo/catkin_ws/src/robot_setup_tf/src/tf_listener.cpp:38:6:[m[K [01;31m[Kerror: [m[Kexpected primary-expression before â€˜[01m[K.[m[Kâ€™ token
   ros.spin();
[01;32m[K      ^[m[K
make[2]: *** [CMakeFiles/tf_listener.dir/src/tf_listener.cpp.o] Error 1
make[1]: *** [CMakeFiles/tf_listener.dir/all] Error 2
make: *** [all] Error 2
